生成启动时间为 2019/5/4 20:54:31。
     1>项目“E:\练手项目\手写英文字母单词识别\Chars74k_Recognition\code\tiqu\tiqu\tiqu.vcxproj”在节点 2 上(Build 个目标)。
     1>ClCompile:
         D:\vs2012\VC\bin\CL.exe /c /ZI /nologo /W3 /WX- /Od /Oy- /D _MBCS /Gm /EHsc /RTC1 /MDd /GS /fp:precise /Zc:wchar_t /Zc:forScope /Fo"Debug\\" /Fd"Debug\vc110.pdb" /Gd /TP /analyze- /errorReport:prompt proj.cpp
         proj.cpp
     1>e:\opencv\opencv\build\include\opencv2\flann\logger.h(66): warning C4996: 'fopen': This function or variable may be unsafe. Consider using fopen_s instead. To disable deprecation, use _CRT_SECURE_NO_WARNINGS. See online help for details.
                 d:\vs2012\vc\include\stdio.h(218) : 参见“fopen”的声明
     1>e:\练手项目\手写英文字母单词识别\chars74k_recognition\code\tiqu\tiqu\proj.cpp(63): warning C4018: “<”: 有符号/无符号不匹配
     1>e:\练手项目\手写英文字母单词识别\chars74k_recognition\code\tiqu\tiqu\proj.cpp(228): warning C4244: “初始化”: 从“double”转换到“int”，可能丢失数据
     1>e:\练手项目\手写英文字母单词识别\chars74k_recognition\code\tiqu\tiqu\proj.cpp(237): warning C4244: “初始化”: 从“double”转换到“int”，可能丢失数据
     1>e:\练手项目\手写英文字母单词识别\chars74k_recognition\code\tiqu\tiqu\proj.cpp(401): warning C4101: “p”: 未引用的局部变量
     1>e:\练手项目\手写英文字母单词识别\chars74k_recognition\code\tiqu\tiqu\proj.cpp(401): warning C4101: “xin”: 未引用的局部变量
     1>e:\练手项目\手写英文字母单词识别\chars74k_recognition\code\tiqu\tiqu\proj.cpp(401): warning C4101: “yin”: 未引用的局部变量
     1>e:\练手项目\手写英文字母单词识别\chars74k_recognition\code\tiqu\tiqu\proj.cpp(401): warning C4101: “l”: 未引用的局部变量
     1>e:\练手项目\手写英文字母单词识别\chars74k_recognition\code\tiqu\tiqu\proj.cpp(523): warning C4244: “参数”: 从“double”转换到“int”，可能丢失数据
     1>e:\练手项目\手写英文字母单词识别\chars74k_recognition\code\tiqu\tiqu\proj.cpp(526): warning C4244: “=”: 从“double”转换到“int”，可能丢失数据
     1>e:\练手项目\手写英文字母单词识别\chars74k_recognition\code\tiqu\tiqu\proj.cpp(534): warning C4244: “参数”: 从“double”转换到“int”，可能丢失数据
     1>e:\练手项目\手写英文字母单词识别\chars74k_recognition\code\tiqu\tiqu\proj.cpp(537): warning C4244: “=”: 从“double”转换到“int”，可能丢失数据
     1>e:\练手项目\手写英文字母单词识别\chars74k_recognition\code\tiqu\tiqu\proj.cpp(473): warning C4101: “p”: 未引用的局部变量
     1>e:\练手项目\手写英文字母单词识别\chars74k_recognition\code\tiqu\tiqu\proj.cpp(473): warning C4101: “l”: 未引用的局部变量
     1>e:\练手项目\手写英文字母单词识别\chars74k_recognition\code\tiqu\tiqu\proj.cpp(758): warning C4996: 'fopen': This function or variable may be unsafe. Consider using fopen_s instead. To disable deprecation, use _CRT_SECURE_NO_WARNINGS. See online help for details.
                 d:\vs2012\vc\include\stdio.h(218) : 参见“fopen”的声明
     1>e:\练手项目\手写英文字母单词识别\chars74k_recognition\code\tiqu\tiqu\proj.cpp(779): warning C4244: “初始化”: 从“double”转换到“int”，可能丢失数据
     1>e:\练手项目\手写英文字母单词识别\chars74k_recognition\code\tiqu\tiqu\proj.cpp(800): warning C4244: “=”: 从“double”转换到“float”，可能丢失数据
       Link:
         D:\vs2012\VC\bin\link.exe /ERRORREPORT:PROMPT /OUT:"E:\练手项目\手写英文字母单词识别\Chars74k_Recognition\code\tiqu\Debug\tiqu.exe" /INCREMENTAL /NOLOGO opencv_ml249d.lib opencv_calib3d249d.lib opencv_contrib249d.lib opencv_core249d.lib opencv_features2d249d.lib opencv_flann249d.lib opencv_gpu249d.lib opencv_highgui249d.lib opencv_imgproc249d.lib opencv_legacy249d.lib opencv_objdetect249d.lib opencv_ts249d.lib opencv_video249d.lib opencv_nonfree249d.lib opencv_ocl249d.lib opencv_photo249d.lib opencv_stitching249d.lib opencv_superres249d.lib opencv_videostab249d.lib kernel32.lib user32.lib gdi32.lib winspool.lib comdlg32.lib advapi32.lib shell32.lib ole32.lib oleaut32.lib uuid.lib odbc32.lib odbccp32.lib /MANIFEST /MANIFESTUAC:"level='asInvoker' uiAccess='false'" /manifest:embed /DEBUG /PDB:"E:\练手项目\手写英文字母单词识别\Chars74k_Recognition\code\tiqu\Debug\tiqu.pdb" /TLBID:1 /DYNAMICBASE /NXCOMPAT /IMPLIB:"E:\练手项目\手写英文字母单词识别\Chars74k_Recognition\code\tiqu\Debug\tiqu.lib" /MACHINE:X86 Debug\proj.obj
         tiqu.vcxproj -> E:\练手项目\手写英文字母单词识别\Chars74k_Recognition\code\tiqu\Debug\tiqu.exe
     1>已完成生成项目“E:\练手项目\手写英文字母单词识别\Chars74k_Recognition\code\tiqu\tiqu\tiqu.vcxproj”(Build 个目标)的操作。

生成成功。

已用时间 00:00:03.67
